<?xml version="1.0" encoding="UTF-8"?>
<!-- Generated by org.testng.reporters.JUnitReportReporter -->
<testsuite skipped="0" hostname="AFSWWP8ZAOSVQV" name="com.boot.brightideas.api.ApiApplicationTests" tests="7" failures="0" timestamp="05 Mar 2019 20:02:12 GMT" time="0.050" errors="0">
  <testcase name="doImportantStuff" time="0.011" classname="com.boot.brightideas.api.ApiApplicationTests"/>
  <testcase name="setupDatabase" time="0.008" classname="com.boot.brightideas.api.ApiApplicationTests"/>
  <testcase name="successfulAddUserReturnsTrue" time="0.001" classname="com.boot.brightideas.api.ApiApplicationTests"/>
  <testcase name="contextLoads" time="0.006" classname="com.boot.brightideas.api.ApiApplicationTests"/>
  <testcase name="aTest2" time="0.006" classname="com.boot.brightideas.api.ApiApplicationTests"/>
  <testcase name="getNonExistingUserReturnsNull" time="0.007" classname="com.boot.brightideas.api.ApiApplicationTests"/>
  <testcase name="doOtherStuff" time="0.011" classname="com.boot.brightideas.api.ApiApplicationTests"/>
</testsuite> <!-- com.boot.brightideas.api.ApiApplicationTests -->
